<?xml version="1.0" encoding="UTF-8"?>
<testng-results ignored="0" total="3" passed="3" failed="0" skipped="0">
  <reporter-output>
  </reporter-output>
  <suite started-at="2024-12-24T18:54:29 IST" name="Test Suite for Buildout" finished-at="2024-12-24T18:56:51 IST" duration-ms="142018">
    <groups>
    </groups>
    <test started-at="2024-12-24T18:54:29 IST" name="Test Cases for Buildout" finished-at="2024-12-24T18:56:51 IST" duration-ms="142018">
      <class name="demo.TestCases">
        <test-method is-config="true" signature="startBrowser()[pri:0, instance:demo.TestCases@2f16c6b3]" started-at="2024-12-24T18:54:29 IST" name="startBrowser" finished-at="2024-12-24T18:54:32 IST" duration-ms="3242" status="PASS">
          <reporter-output>
          </reporter-output>
        </test-method> <!-- startBrowser -->
        <test-method signature="testCase01()[pri:0, instance:demo.TestCases@2f16c6b3]" started-at="2024-12-24T18:54:33 IST" name="testCase01" finished-at="2024-12-24T18:55:27 IST" duration-ms="54533" status="PASS">
          <reporter-output>
          </reporter-output>
        </test-method> <!-- testCase01 -->
        <test-method signature="testCase02()[pri:0, instance:demo.TestCases@2f16c6b3]" started-at="2024-12-24T18:55:27 IST" name="testCase02" finished-at="2024-12-24T18:56:18 IST" duration-ms="50992" status="PASS">
          <reporter-output>
          </reporter-output>
        </test-method> <!-- testCase02 -->
        <test-method signature="testCase03()[pri:0, instance:demo.TestCases@2f16c6b3]" started-at="2024-12-24T18:56:18 IST" name="testCase03" finished-at="2024-12-24T18:56:50 IST" duration-ms="32192" status="PASS">
          <reporter-output>
          </reporter-output>
        </test-method> <!-- testCase03 -->
        <test-method is-config="true" signature="endTest()[pri:0, instance:demo.TestCases@2f16c6b3]" started-at="2024-12-24T18:56:50 IST" name="endTest" finished-at="2024-12-24T18:56:51 IST" duration-ms="943" status="PASS">
          <reporter-output>
          </reporter-output>
        </test-method> <!-- endTest -->
      </class> <!-- demo.TestCases -->
    </test> <!-- Test Cases for Buildout -->
  </suite> <!-- Test Suite for Buildout -->
</testng-results>
