<?xml version="1.0" encoding="UTF-8"?>
<testng-results ignored="0" total="3" passed="3" failed="0" skipped="0">
  <reporter-output>
  </reporter-output>
  <suite started-at="2024-12-24T20:16:45 IST" name="Test Suite for Buildout" finished-at="2024-12-24T20:18:47 IST" duration-ms="122910">
    <groups>
    </groups>
    <test started-at="2024-12-24T20:16:45 IST" name="Test Cases for Buildout" finished-at="2024-12-24T20:18:47 IST" duration-ms="122910">
      <class name="demo.TestCases">
        <test-method is-config="true" signature="startBrowser()[pri:0, instance:demo.TestCases@2f16c6b3]" started-at="2024-12-24T20:16:45 IST" name="startBrowser" finished-at="2024-12-24T20:16:48 IST" duration-ms="3896" status="PASS">
          <reporter-output>
          </reporter-output>
        </test-method> <!-- startBrowser -->
        <test-method signature="testCase01()[pri:0, instance:demo.TestCases@2f16c6b3]" started-at="2024-12-24T20:16:49 IST" name="testCase01" finished-at="2024-12-24T20:17:28 IST" duration-ms="39889" status="PASS">
          <reporter-output>
          </reporter-output>
        </test-method> <!-- testCase01 -->
        <test-method signature="testCase02()[pri:0, instance:demo.TestCases@2f16c6b3]" started-at="2024-12-24T20:17:28 IST" name="testCase02" finished-at="2024-12-24T20:18:18 IST" duration-ms="49748" status="PASS">
          <reporter-output>
          </reporter-output>
        </test-method> <!-- testCase02 -->
        <test-method signature="testCase03()[pri:0, instance:demo.TestCases@2f16c6b3]" started-at="2024-12-24T20:18:18 IST" name="testCase03" finished-at="2024-12-24T20:18:46 IST" duration-ms="27810" status="PASS">
          <reporter-output>
          </reporter-output>
        </test-method> <!-- testCase03 -->
        <test-method is-config="true" signature="endTest()[pri:0, instance:demo.TestCases@2f16c6b3]" started-at="2024-12-24T20:18:46 IST" name="endTest" finished-at="2024-12-24T20:18:47 IST" duration-ms="1429" status="PASS">
          <reporter-output>
          </reporter-output>
        </test-method> <!-- endTest -->
      </class> <!-- demo.TestCases -->
    </test> <!-- Test Cases for Buildout -->
  </suite> <!-- Test Suite for Buildout -->
</testng-results>
